<?xml version="1.0" encoding="UTF-8"?>
<!-- Generated by org.testng.reporters.JUnitReportReporter -->
<testsuite hostname="Sams-MacBook-Pro.local" failures="0" tests="1" name="com.inetBanking.testCases.TC_LoginTest_001" time="7.785" errors="0" timestamp="2020-12-25T21:06:23 GMT" skipped="0">
  <testcase classname="com.inetBanking.testCases.TC_LoginTest_001" name="loginTest" time="7.785"/>
  <system-out/>
</testsuite> <!-- com.inetBanking.testCases.TC_LoginTest_001 -->
